<?xml version="1.0" encoding="UTF-8"?>
<!-- Generated by org.testng.reporters.JUnitReportReporter -->
<testsuite skipped="0" hostname="VAIO" name="com.crm.qa.TestCases.LoginPageTest" tests="3" failures="0" timestamp="20 Sep 2018 12:49:51 GMT" time="59.169" errors="0">
  <testcase name="VerificationCRMLogoTest" time="19.437" classname="com.crm.qa.TestCases.LoginPageTest"/>
  <testcase name="VerificationCRMTitleTest" time="18.234" classname="com.crm.qa.TestCases.LoginPageTest"/>
  <testcase name="loginTest" time="21.498" classname="com.crm.qa.TestCases.LoginPageTest"/>
</testsuite> <!-- com.crm.qa.TestCases.LoginPageTest -->
